[20210520 16:21:37 INFO root] Base initialized.
[20210520 16:21:37 INFO root] net device startup ok
[20210520 16:21:37 INFO root] 	FDSetSize       = 1024
[20210520 16:21:37 INFO root] 	Version         = 110
[20210520 16:21:37 INFO root] 	SendBufferSize  = 16384
[20210520 16:21:37 INFO root] 	RecvBufferSize  = 87380
[20210520 16:21:37 INFO root] 
>>>>>  DB Server (빽폐흡숭 2010 0911 맣畇긍陋）<<<<< 
[20210520 16:21:37 INFO root] 토敬되쩌포苟潼세減슥직횐 40488544
[20210520 16:21:38 INFO root] DB Agent Manager starts listening at (localhost : 9106).
[20210520 16:21:38 INFO root] DB Server starts successfully.
[20210520 16:21:38 INFO root] The db agent server enter thread (0xf70a5b40).
[20210520 16:21:38 INFO root] The db agent game (game user) connected to the database successfully.
[20210520 16:21:54 INFO root] DB server accepts (127.0.0.1 : -31579).
[20210520 16:21:54 INFO root] The db agent server enter thread (0xf66ffb40).
[20210520 16:21:54 INFO root] The db agent login (login server) connected to the database successfully.
[20210520 16:22:09 INFO root] DB server accepts (18.117.3.123 : -21453).
[20210520 16:22:09 INFO root] DB server accepts (18.117.3.123 : -24112).
[20210520 16:22:09 INFO root] The db agent server enter thread (0xf5cffb40).
[20210520 16:22:09 INFO root] The db agent game (game system) connected to the database successfully.
[20210520 16:22:09 INFO root] The db agent server enter thread (0xf54feb40).
[20210520 16:22:09 INFO root] DB server accepts (18.117.3.123 : -31263).
[20210520 16:22:09 INFO root] The db agent server enter thread (0xf4cfdb40).
[20210520 16:22:09 INFO root] The db agent game (game actor) connected to the database successfully.
[20210520 16:22:09 INFO root] The db agent log (game log) connected to the database successfully.
[20210520 16:22:19 INFO root] DB server accepts (18.117.3.123 : -31345).
[20210520 16:22:19 INFO root] The db agent server enter thread (0xf44fcb40).
[20210520 16:22:19 INFO root] The db agent game (game rank) connected to the database successfully.
[20210520 16:35:58 ERRO root] [DB] DB_MYSQL_ENGINE_PROCESS_ERROR at line 1241 in (0x0xf5d10820)->unsupported(), 1146, "Table 'gacc2.h_hqrjacc' doesn't exist", "SELECT jf1,jf2,jf3,jf4,jf5,jf6 from gacc2.h_hqrjacc where huaqiacid=1".
[20210520 16:35:58 ERRO root] LOG_PROCESS_ERROR(nRetCode) at line 1209 in unsupported.
[20210520 16:36:09 ERRO root] [DB] DB_MYSQL_ENGINE_PROCESS_ERROR at line 1241 in (0x0xf5d10820)->unsupported(), 1146, "Table 'gacc2.h_hqrjacc' doesn't exist", "SELECT jf1,jf2,jf3,jf4,jf5,jf6 from gacc2.h_hqrjacc where huaqiacid=1".
[20210520 16:36:09 ERRO root] LOG_PROCESS_ERROR(nRetCode) at line 1209 in unsupported.
[20210520 16:38:22 ERRO root] [DB] DB_MYSQL_ENGINE_PROCESS_ERROR at line 1241 in (0x0xf5d10820)->unsupported(), 1146, "Table 'gacc2.h_hqrjacc' doesn't exist", "SELECT jf1,jf2,jf3,jf4,jf5,jf6 from gacc2.h_hqrjacc where huaqiacid=5".
[20210520 16:38:22 ERRO root] LOG_PROCESS_ERROR(nRetCode) at line 1209 in unsupported.
[20210520 16:38:58 ERRO root] [DB] DB_MYSQL_ENGINE_PROCESS_ERROR at line 1241 in (0x0xf5d10820)->unsupported(), 1146, "Table 'gacc2.h_hqrjacc' doesn't exist", "SELECT jf1,jf2,jf3,jf4,jf5,jf6 from gacc2.h_hqrjacc where huaqiacid=5".
[20210520 16:38:58 ERRO root] LOG_PROCESS_ERROR(nRetCode) at line 1209 in unsupported.
[20210520 16:46:00 ERRO root] [DB] DB_MYSQL_ENGINE_PROCESS_ERROR at line 1241 in (0x0xf5d10820)->unsupported(), 1146, "Table 'gacc2.h_hqrjacc' doesn't exist", "SELECT jf1,jf2,jf3,jf4,jf5,jf6 from gacc2.h_hqrjacc where huaqiacid=1".
[20210520 16:46:00 ERRO root] LOG_PROCESS_ERROR(nRetCode) at line 1209 in unsupported.
[20210520 16:46:49 ERRO root] [DB] DB_MYSQL_ENGINE_PROCESS_ERROR at line 1241 in (0x0xf5d10820)->unsupported(), 1146, "Table 'gacc2.h_hqrjacc' doesn't exist", "SELECT jf1,jf2,jf3,jf4,jf5,jf6 from gacc2.h_hqrjacc where huaqiacid=4".
[20210520 16:46:49 ERRO root] LOG_PROCESS_ERROR(nRetCode) at line 1209 in unsupported.
[20210520 16:46:57 ERRO root] [DB] DB_MYSQL_ENGINE_PROCESS_ERROR at line 1241 in (0x0xf5d10820)->unsupported(), 1146, "Table 'gacc2.h_hqrjacc' doesn't exist", "SELECT jf1,jf2,jf3,jf4,jf5,jf6 from gacc2.h_hqrjacc where huaqiacid=4".
[20210520 16:46:57 ERRO root] LOG_PROCESS_ERROR(nRetCode) at line 1209 in unsupported.
[20210520 23:42:19 ERRO root] [DB] DB_MYSQL_ENGINE_PROCESS_ERROR at line 1241 in (0x0xf5d10820)->unsupported(), 1146, "Table 'gacc2.h_hqrjacc' doesn't exist", "SELECT jf1,jf2,jf3,jf4,jf5,jf6 from gacc2.h_hqrjacc where huaqiacid=6".
[20210520 23:42:19 ERRO root] LOG_PROCESS_ERROR(nRetCode) at line 1209 in unsupported.
[20210520 23:42:31 ERRO root] [DB] DB_MYSQL_ENGINE_PROCESS_ERROR at line 1241 in (0x0xf5d10820)->unsupported(), 1146, "Table 'gacc2.h_hqrjacc' doesn't exist", "SELECT jf1,jf2,jf3,jf4,jf5,jf6 from gacc2.h_hqrjacc where huaqiacid=6".
[20210520 23:42:31 ERRO root] LOG_PROCESS_ERROR(nRetCode) at line 1209 in unsupported.
[20210521 00:11:20 ERRO root] [DB] DB_MYSQL_ENGINE_PROCESS_ERROR at line 1241 in (0x0xf5d10820)->unsupported(), 1146, "Table 'gacc2.h_hqrjacc' doesn't exist", "SELECT jf1,jf2,jf3,jf4,jf5,jf6 from gacc2.h_hqrjacc where huaqiacid=6".
[20210521 00:11:20 ERRO root] LOG_PROCESS_ERROR(nRetCode) at line 1209 in unsupported.
[20210521 00:11:30 ERRO root] [DB] DB_MYSQL_ENGINE_PROCESS_ERROR at line 1241 in (0x0xf5d10820)->unsupported(), 1146, "Table 'gacc2.h_hqrjacc' doesn't exist", "SELECT jf1,jf2,jf3,jf4,jf5,jf6 from gacc2.h_hqrjacc where huaqiacid=6".
[20210521 00:11:30 ERRO root] LOG_PROCESS_ERROR(nRetCode) at line 1209 in unsupported.
[20210521 00:11:47 ERRO root] [DB] DB_MYSQL_ENGINE_PROCESS_ERROR at line 1241 in (0x0xf5d10820)->unsupported(), 1146, "Table 'gacc2.h_hqrjacc' doesn't exist", "SELECT jf1,jf2,jf3,jf4,jf5,jf6 from gacc2.h_hqrjacc where huaqiacid=6".
[20210521 00:11:47 ERRO root] LOG_PROCESS_ERROR(nRetCode) at line 1209 in unsupported.
[20210521 02:53:46 INFO root] Update command cost very long time 54596.
[20210521 02:53:47 INFO root] Dump db agent game system sql command.
[20210521 02:53:47 INFO root] The sql command is update.
[20210521 02:53:48 INFO root] The query command is UPDATE t_auction_item SET passtime=passtime+63.
[20210521 02:55:56 INFO root] The db agent game system information:
Total elapsed time(s) 38026
Create table command count 0
One create table command costs time(ms) 0
Create table command rate(per s) 0
Insert command count 2
One insert command costs time(ms) 3
Insert command rate(per s) 0
Update command count 1732
One update command costs time(ms) 31
Update command rate(per s) 0
Delete command count 2
One delete command costs time(ms) 0
Delete command rate(per s) 0
Select command count 1289
One select command costs time(ms) 0
Select command rate(per s) 0
[20210521 02:55:57 INFO root] The db agent server (game system) exit thread (0xf5cffb40).
[20210521 02:55:58 INFO root] DB server disconnect (18.117.3.123 : -21453) because unknown.
[20210521 02:55:59 INFO root] The db agent game actor information:
Total elapsed time(s) 38030
Create table command count 0
One create table command costs time(ms) 0
Create table command rate(per s) 0
Insert command count 5
One insert command costs time(ms) 4
Insert command rate(per s) 0
Update command count 1
One update command costs time(ms) 3
Update command rate(per s) 0
Delete command count 0
One delete command costs time(ms) 0
Delete command rate(per s) 0
Select command count 27
One select command costs time(ms) 0
Select command rate(per s) 0
[20210521 02:55:59 INFO root] The db agent server (game actor) exit thread (0xf54feb40).
[20210521 02:55:59 INFO root] DB server disconnect (18.117.3.123 : -24112) because unknown.
[20210521 02:55:59 INFO root] The db agent game log information:
Total elapsed time(s) 38030
Create table command count 1
One create table command costs time(ms) 38
Create table command rate(per s) 0
Insert command count 4225
One insert command costs time(ms) 1
Insert command rate(per s) 0
Update command count 0
One update command costs time(ms) 0
Update command rate(per s) 0
Delete command count 0
One delete command costs time(ms) 0
Delete command rate(per s) 0
Select command count 0
One select command costs time(ms) 0
Select command rate(per s) 0
[20210521 02:55:59 INFO root] The db agent server (game log) exit thread (0xf4cfdb40).
[20210521 02:55:59 INFO root] DB server disconnect (18.117.3.123 : -31263) because unknown.
[20210521 02:55:59 INFO root] The db agent game rank information:
Total elapsed time(s) 38020
Create table command count 0
One create table command costs time(ms) 0
Create table command rate(per s) 0
Insert command count 0
One insert command costs time(ms) 0
Insert command rate(per s) 0
Update command count 0
One update command costs time(ms) 0
Update command rate(per s) 0
Delete command count 0
One delete command costs time(ms) 0
Delete command rate(per s) 0
Select command count 88
One select command costs time(ms) 0
Select command rate(per s) 0
[20210521 02:55:59 INFO root] The db agent server (game rank) exit thread (0xf44fcb40).
[20210521 02:55:59 INFO root] DB server disconnect (18.117.3.123 : -31345) because unknown.
[20210521 07:41:46 INFO root] The db agent login server information:
Total elapsed time(s) 55192
Create table command count 0
One create table command costs time(ms) 0
Create table command rate(per s) 0
Insert command count 7
One insert command costs time(ms) 3
Insert command rate(per s) 0
Update command count 7
One update command costs time(ms) 4
Update command rate(per s) 0
Delete command count 0
One delete command costs time(ms) 0
Delete command rate(per s) 0
Select command count 72
One select command costs time(ms) 1
Select command rate(per s) 0
[20210521 07:41:46 INFO root] The db agent server (login server) exit thread (0xf66ffb40).
[20210521 07:41:46 INFO root] DB server disconnect (127.0.0.1 : -31579) because unknown.
