[20210521 13:54:56 INFO root] Base initialized.
[20210521 13:54:56 INFO root] net device startup ok
[20210521 13:54:56 INFO root] 	FDSetSize       = 1024
[20210521 13:54:56 INFO root] 	Version         = 110
[20210521 13:54:56 INFO root] 	SendBufferSize  = 16384
[20210521 13:54:56 INFO root] 	RecvBufferSize  = 87380
[20210521 13:54:56 INFO root] 
>>>>>  DB Server (빽폐흡숭 2010 0911 맣畇긍陋）<<<<< 
[20210521 13:54:56 INFO root] 토敬되쩌포苟潼세減슥직횐 40488544
[20210521 13:54:56 INFO root] DB Agent Manager starts listening at (localhost : 9106).
[20210521 13:54:56 INFO root] DB Server starts successfully.
[20210521 13:54:56 INFO root] The db agent server enter thread (0xf709ab40).
[20210521 13:54:56 INFO root] The db agent game (game user) connected to the database successfully.
[20210521 13:54:59 INFO root] DB server accepts (18.117.3.123 : -27298).
[20210521 13:54:59 INFO root] DB server accepts (18.117.3.123 : -27712).
[20210521 13:54:59 INFO root] DB server accepts (18.117.3.123 : -27976).
[20210521 13:54:59 INFO root] DB server accepts (18.117.3.123 : -24071).
[20210521 13:54:59 INFO root] The db agent server enter thread (0xf4efcb40).
[20210521 13:54:59 INFO root] The db agent server enter thread (0xf56fdb40).
[20210521 13:54:59 INFO root] The db agent server enter thread (0xf5efeb40).
[20210521 13:54:59 INFO root] The db agent log (game log) connected to the database successfully.
[20210521 13:54:59 INFO root] The db agent game (game rank) connected to the database successfully.
[20210521 13:54:59 INFO root] The db agent game (game actor) connected to the database successfully.
[20210521 13:54:59 INFO root] The db agent server enter thread (0xf66ffb40).
[20210521 13:54:59 INFO root] The db agent game (game system) connected to the database successfully.
[20210521 13:55:06 INFO root] DB server accepts (127.0.0.1 : -20247).
[20210521 13:55:06 INFO root] The db agent server enter thread (0xf44ffb40).
[20210521 13:55:06 INFO root] The db agent login (login server) connected to the database successfully.
[20210521 13:55:12 INFO root] DB server accepts (127.0.0.1 : -30986).
[20210521 13:55:12 INFO root] The db agent server enter thread (0xf3cfeb40).
[20210521 13:55:12 INFO root] The db agent login (login server) connected to the database successfully.
[20210521 13:55:12 INFO root] The db agent login server information:
Total elapsed time(s) 1
Create table command count 0
One create table command costs time(ms) 0
Create table command rate(per s) 0
Insert command count 0
One insert command costs time(ms) 0
Insert command rate(per s) 0
Update command count 0
One update command costs time(ms) 0
Update command rate(per s) 0
Delete command count 0
One delete command costs time(ms) 0
Delete command rate(per s) 0
Select command count 0
One select command costs time(ms) 0
Select command rate(per s) 0
[20210521 13:55:12 INFO root] The db agent server (login server) exit thread (0xf3cfeb40).
[20210521 13:55:12 INFO root] DB server disconnect (127.0.0.1 : -30986) because unknown.
[20210521 13:59:05 INFO root] The db agent game system information:
Total elapsed time(s) 217
Create table command count 0
One create table command costs time(ms) 0
Create table command rate(per s) 0
Insert command count 0
One insert command costs time(ms) 0
Insert command rate(per s) 0
Update command count 0
One update command costs time(ms) 0
Update command rate(per s) 0
Delete command count 0
One delete command costs time(ms) 0
Delete command rate(per s) 0
Select command count 2
One select command costs time(ms) 0
Select command rate(per s) 0
[20210521 13:59:21 INFO root] The db agent server (game system) exit thread (0xf66ffb40).
[20210521 13:59:36 INFO root] DB server disconnect (18.117.3.123 : -27298) because unknown.
[20210521 14:00:21 INFO root] The db agent game actor information:
Total elapsed time(s) 287
Create table command count 0
One create table command costs time(ms) 0
Create table command rate(per s) 0
Insert command count 0
One insert command costs time(ms) 0
Insert command rate(per s) 0
Update command count 0
One update command costs time(ms) 0
Update command rate(per s) 0
Delete command count 0
One delete command costs time(ms) 0
Delete command rate(per s) 0
Select command count 0
One select command costs time(ms) 0
Select command rate(per s) 0
[20210521 14:00:35 INFO root] Select command cost very long time 205967.
[20210521 14:00:35 INFO root] The db agent server (game actor) exit thread (0xf5efeb40).
[20210521 14:00:44 INFO root] Dump db agent login server sql command.
[20210521 14:00:48 INFO root] DB server disconnect (18.117.3.123 : -27712) because unknown.
[20210521 14:00:51 INFO root] The sql command is select.
[20210521 14:00:59 INFO root] The sql command table is t_account.
[20210521 14:01:19 INFO root] The db agent game log information:
Total elapsed time(s) 357
Create table command count 0
One create table command costs time(ms) 0
Create table command rate(per s) 0
Insert command count 0
One insert command costs time(ms) 0
Insert command rate(per s) 0
Update command count 0
One update command costs time(ms) 0
Update command rate(per s) 0
Delete command count 0
One delete command costs time(ms) 0
Delete command rate(per s) 0
Select command count 0
One select command costs time(ms) 0
Select command rate(per s) 0
[20210521 14:01:30 INFO root] The db agent server (game log) exit thread (0xf56fdb40).
[20210521 14:01:40 INFO root] DB server disconnect (18.117.3.123 : -27976) because unknown.
[20210521 14:01:49 INFO root] The sql field is: ac bc ai bd cc dc pwd pwp1 pwp2 pwp3 ck cm di name cr cs do el gd pwt cy ic gn ld le lg mc city ll lr oc ls lt ot pp sc pt pv accountid uc st vl ut vt pw2.
