[20210522 08:05:24 INFO root] Base initialized.
[20210522 08:05:24 INFO root] net device startup ok
[20210522 08:05:24 INFO root] 	FDSetSize       = 1024
[20210522 08:05:24 INFO root] 	Version         = 110
[20210522 08:05:24 INFO root] 	SendBufferSize  = 16384
[20210522 08:05:24 INFO root] 	RecvBufferSize  = 87380
[20210522 08:05:25 ERRO root] no sn 1.
[20210522 08:05:25 INFO root] Connected to the db server successfully.
[20210522 08:05:25 INFO root] Connected to the db server successfully.
[20210522 08:05:25 INFO root] Connected to the db server successfully.
[20210522 08:05:25 INFO root] Connected to the login server successfully.
[20210522 08:05:28 INFO root] Register SUCCEEDED
[20210522 08:05:28 INFO root] PK is ENABLED
[20210522 08:05:29 ERRO root] can not find drop class, ID=20400 npc=9904
[20210522 08:05:29 ERRO root] can not find drop class, ID=20401 npc=9904
[20210522 08:05:29 ERRO root] can not find drop class, ID=20402 npc=9904
[20210522 08:05:29 ERRO root] can not find drop class, ID=20403 npc=9904
[20210522 08:05:29 ERRO root] can not find drop class, ID=20404 npc=9904
[20210522 08:05:29 ERRO root] can not find drop class, ID=20405 npc=9904
[20210522 08:05:29 ERRO root] can not find drop class, ID=20406 npc=9904
[20210522 08:05:29 ERRO root] can not find drop class, ID=20400 npc=9905
[20210522 08:05:29 ERRO root] can not find drop class, ID=20401 npc=9905
[20210522 08:05:29 ERRO root] can not find drop class, ID=20402 npc=9905
[20210522 08:05:29 ERRO root] can not find drop class, ID=20403 npc=9905
[20210522 08:05:29 ERRO root] can not find drop class, ID=20404 npc=9905
[20210522 08:05:29 ERRO root] can not find drop class, ID=20405 npc=9905
[20210522 08:05:29 ERRO root] can not find drop class, ID=20406 npc=9905
[20210522 08:05:29 ERRO root] can not find drop class, ID=20407 npc=9906
[20210522 08:05:29 ERRO root] can not find drop class, ID=20408 npc=9906
[20210522 08:05:29 ERRO root] can not find drop class, ID=20409 npc=9906
[20210522 08:05:29 ERRO root] can not find drop class, ID=21223 npc=9906
[20210522 08:05:29 ERRO root] can not find drop class, ID=20090 npc=9906
[20210522 08:05:29 ERRO root] can not find drop class, ID=20091 npc=9906
[20210522 08:05:29 ERRO root] can not find drop class, ID=20092 npc=9906
[20210522 08:05:29 ERRO root] can not find drop class, ID=20407 npc=9907
[20210522 08:05:29 ERRO root] can not find drop class, ID=20408 npc=9907
[20210522 08:05:29 ERRO root] can not find drop class, ID=20409 npc=9907
[20210522 08:05:29 ERRO root] can not find drop class, ID=21223 npc=9907
[20210522 08:05:29 ERRO root] can not find drop class, ID=20090 npc=9907
[20210522 08:05:29 ERRO root] can not find drop class, ID=20091 npc=9907
[20210522 08:05:29 ERRO root] can not find drop class, ID=20092 npc=9907
[20210522 08:05:34 ERRO root] ˛Ů×÷ĘýÇ°Ăć±ŘĐëĘÇÔËËă·űˇ˘Ŕ¨şĹ»ňŐßżŐ

Rate(0.09)SkillAddCd
          ^
[20210522 08:05:34 WARN root] NpcAreaLoadRegion local\common\table/main/ningbiya/npc.csv: Line=588, Type=Common, NpcID=0
[20210522 08:05:35 INFO root] CGameSystemAuction_Svr::Load: 0 Dealing Item Loaded
[20210522 08:05:35 INFO root] CGameSystemAuction_Svr::Load: 0 Dealed Item Loaded
[20210522 08:05:35 INFO root] [CGsGuildSvr::LoadFromDb] Guild Load Success, total = 0
[20210522 08:05:35 INFO root] [CGsGuildSvr::LoadFromDb] GuildTerr Load Success, total = 0
[20210522 08:05:35 INFO root] Connected to the db server successfully.
[20210522 08:05:35 INFO root] [CGsMurderSvr::LoadFromDb] Murder Load Success, total = 0
[20210522 08:05:35 INFO root] Auto Clear Tiredness @ 12:00:00
[20210522 08:05:35 INFO root] server init ok
[20210522 08:05:35 INFO root] ServerTick 1 = 1 [0] [0] [0] [1]
[20210522 08:05:35 ERRO root] Get Npc Rebirth Data Error, NpcId=[0], area=[], AreaId=[0]
[20210522 08:05:36 INFO root] ServerTick 174 = 354 [0] [354] [0] [0] (1)
[20210522 08:05:36 INFO root] ServerTick 348 = 3 [0] [3] [0] [0]
[20210522 08:05:37 INFO root] ServerTick 1192 = 20 [0] [19] [0] [1]
[20210522 08:05:42 INFO root] ServerTick 5392 = 22 [0] [22] [0] [0]
[20210522 08:06:07 INFO root] ServerTick 26488 = 38 [0] [38] [0] [0]
[20210522 08:06:35 INFO root] STAT:user=0 ectype=0,0,0,0 stall=0 dun=0 obj=15038 timerobj=22
[20210522 08:06:35 INFO root] STAT2:grid[total=222300,valid=9307,notify=0,active=9282], creature[notify=0, active=15037]
[20210522 08:06:53 INFO root] ServerTick 64237 = 61 [0] [61] [0] [0]
[20210522 08:06:58 INFO root] ServerTick 68128 = 188 [0] [188] [0] [0] (2)
[20210522 08:06:59 INFO root] ServerTick 68683 = 217 [0] [217] [0] [0] (2)
[20210522 08:07:00 INFO root] ServerTick 69286 = 231 [1] [230] [0] [0] (2)
[20210522 08:07:01 INFO root] ServerTick 69877 = 188 [0] [188] [0] [0] (2)
[20210522 08:07:02 INFO root] ServerTick 70483 = 212 [0] [212] [0] [0] (2)
[20210522 08:07:03 INFO root] ServerTick 71062 = 226 [0] [226] [0] [0] (2)
[20210522 08:07:04 INFO root] ServerTick 71653 = 211 [0] [211] [0] [0] (2)
[20210522 08:07:05 INFO root] ServerTick 72241 = 191 [0] [191] [0] [0] (2)
[20210522 08:07:06 INFO root] ServerTick 72859 = 208 [0] [207] [0] [1] (2)
[20210522 08:07:07 INFO root] ServerTick 73425 = 125 [0] [125] [0] [0] (1)
[20210522 08:07:08 INFO root] ServerTick 73426 = 426 [1] [409] [0] [16] (2)
[20210522 08:07:09 INFO root] ServerTick 73756 = 226 [0] [226] [0] [0] (2)
[20210522 08:07:10 INFO root] ServerTick 74221 = 208 [0] [208] [0] [0] (2)
[20210522 08:07:11 INFO root] ServerTick 74794 = 196 [0] [196] [0] [0] (2)
[20210522 08:07:12 INFO root] ServerTick 75409 = 188 [0] [188] [0] [0] (2)
[20210522 08:07:13 INFO root] ServerTick 76009 = 179 [0] [179] [0] [0] (2)
[20210522 08:07:14 INFO root] ServerTick 76609 = 192 [0] [192] [0] [0] (2)
[20210522 08:07:15 INFO root] ServerTick 77218 = 212 [0] [212] [0] [0] (2)
[20210522 08:07:16 INFO root] ServerTick 77785 = 209 [0] [209] [0] [0] (2)
[20210522 08:07:17 INFO root] ServerTick 78367 = 220 [0] [220] [0] [0] (2)
[20210522 08:07:18 INFO root] ServerTick 78940 = 247 [0] [247] [0] [0] (2)
[20210522 08:07:20 INFO root] ServerTick 79495 = 201 [0] [201] [0] [0] (2)
[20210522 08:07:21 INFO root] ServerTick 80101 = 222 [0] [222] [0] [0] (2)
[20210522 08:07:22 INFO root] ServerTick 80677 = 197 [0] [197] [0] [0] (2)
[20210522 08:07:23 INFO root] ServerTick 81259 = 229 [0] [229] [0] [0] (2)
[20210522 08:07:24 INFO root] ServerTick 81832 = 206 [0] [206] [0] [0] (2)
[20210522 08:07:25 INFO root] ServerTick 82387 = 196 [0] [196] [0] [0] (2)
[20210522 08:07:26 INFO root] ServerTick 82945 = 193 [0] [193] [0] [0] (2)
[20210522 08:07:27 INFO root] ServerTick 83539 = 200 [0] [200] [0] [0] (2)
[20210522 08:07:28 INFO root] ServerTick 84088 = 192 [0] [192] [0] [0] (2)
[20210522 08:07:29 INFO root] ServerTick 84649 = 196 [0] [196] [0] [0] (2)
[20210522 08:07:30 INFO root] ServerTick 85198 = 197 [0] [197] [0] [0] (2)
[20210522 08:07:31 INFO root] ServerTick 85771 = 200 [0] [200] [0] [0] (2)
[20210522 08:07:33 INFO root] ServerTick 86308 = 248 [0] [248] [0] [0] (2)
[20210522 08:07:34 INFO root] ServerTick 86833 = 240 [0] [240] [0] [0] (2)
[20210522 08:07:34 INFO root] STAT:user=0 ectype=0,0,0,0 stall=0 dun=0 obj=15041 timerobj=22
[20210522 08:07:34 INFO root] STAT2:grid[total=222300,valid=9270,notify=0,active=9244], creature[notify=0, active=15040]
[20210522 08:07:35 INFO root] ServerTick 87364 = 246 [0] [246] [0] [0] (2)
[20210522 08:07:36 INFO root] ServerTick 87958 = 192 [0] [192] [0] [0] (2)
[20210522 08:07:37 INFO root] ServerTick 88534 = 204 [0] [204] [0] [0] (2)
[20210522 08:07:38 INFO root] ServerTick 89119 = 208 [0] [208] [0] [0] (2)
[20210522 08:07:39 INFO root] ServerTick 89671 = 217 [0] [217] [0] [0] (2)
[20210522 08:07:40 INFO root] ServerTick 90259 = 205 [0] [205] [0] [0] (2)
[20210522 08:07:41 INFO root] ServerTick 90829 = 367 [0] [367] [0] [0] (2)
[20210522 08:07:42 INFO root] ServerTick 90855 = 153 [0] [153] [0] [0] (1)
[20210522 08:07:43 INFO root] ServerTick 90856 = 695 [0] [695] [0] [0] (2)
[20210522 08:07:44 INFO root] ServerTick 90868 = 529 [0] [529] [0] [0] (2)
[20210522 08:07:44 INFO root] ServerTick 91150 = 200 [0] [200] [0] [0] (2)
[20210522 08:07:45 INFO root] ServerTick 91738 = 191 [0] [191] [0] [0] (2)
[20210522 08:07:46 INFO root] ServerTick 92338 = 208 [0] [208] [0] [0] (2)
[20210522 08:07:48 INFO root] ServerTick 92944 = 222 [0] [222] [0] [0] (2)
[20210522 08:07:49 INFO root] ServerTick 93442 = 196 [0] [196] [0] [0] (2)
[20210522 08:07:50 INFO root] ServerTick 93958 = 192 [0] [192] [0] [0] (2)
[20210522 08:07:51 INFO root] ServerTick 94492 = 208 [0] [208] [0] [0] (2)
[20210522 08:07:52 INFO root] ServerTick 95092 = 193 [0] [193] [0] [0] (2)
[20210522 08:07:53 INFO root] ServerTick 95620 = 206 [0] [206] [0] [0] (2)
[20210522 08:07:54 INFO root] ServerTick 96220 = 246 [0] [246] [0] [0] (2)
[20210522 08:07:55 INFO root] ServerTick 96754 = 214 [0] [214] [0] [0] (2)
[20210522 08:07:56 INFO root] ServerTick 97270 = 184 [0] [184] [0] [0] (2)
[20210522 08:07:57 INFO root] ServerTick 97789 = 197 [0] [197] [0] [0] (2)
[20210522 08:07:58 INFO root] ServerTick 98332 = 196 [0] [195] [0] [1] (2)
[20210522 08:07:59 INFO root] ServerTick 98884 = 196 [0] [196] [0] [0] (2)
[20210522 08:08:00 INFO root] ServerTick 99481 = 204 [0] [204] [0] [0] (2)
[20210522 08:08:01 INFO root] ServerTick 100051 = 234 [0] [234] [0] [0] (2)
[20210522 08:08:02 INFO root] ServerTick 100633 = 195 [0] [195] [0] [0] (2)
[20210522 08:08:04 INFO root] ServerTick 101227 = 238 [0] [238] [0] [0] (2)
[20210522 08:08:05 INFO root] ServerTick 101740 = 227 [0] [227] [0] [0] (2)
[20210522 08:08:05 ERRO root] [20210522 08:08:06 INFO root] ServerTick 102295 = 205 [0] [205] [0] [0] (2)
[20210522 08:08:07 INFO root] ServerTick 102871 = 234 [0] [234] [0] [0] (2)
[20210522 08:08:08 INFO root] ServerTick 103420 = 226 [0] [226] [0] [0] (2)
[20210522 08:08:09 INFO root] ServerTick 103879 = 230 [0] [230] [0] [0] (2)
[20210522 08:08:10 INFO root] ServerTick 104446 = 221 [0] [221] [0] [0] (2)
[20210522 08:08:11 INFO root] ServerTick 104914 = 200 [0] [200] [0] [0] (2)
[20210522 08:08:12 INFO root] ServerTick 105475 = 218 [0] [218] [0] [0] (2)
[20210522 08:08:13 INFO root] ServerTick 106024 = 213 [0] [213] [0] [0] (2)
[20210522 08:08:14 INFO root] ServerTick 106561 = 212 [0] [211] [0] [1] (2)
[20210522 08:08:15 INFO root] ServerTick 107125 = 200 [0] [200] [0] [0] (2)
[20210522 08:08:17 INFO root] ServerTick 107686 = 196 [0] [196] [0] [0] (2)
[20210522 08:08:18 INFO root] ServerTick 108265 = 231 [0] [231] [0] [0] (2)
[20210522 08:08:19 INFO root] ServerTick 108820 = 231 [0] [231] [0] [0] (2)
[20210522 08:08:20 INFO root] ServerTick 109312 = 228 [0] [228] [0] [0] (2)
[20210522 08:08:21 INFO root] ServerTick 109888 = 234 [0] [234] [0] [0] (2)
[20210522 08:08:22 INFO root] ServerTick 110452 = 276 [0] [276] [0] [0] (2)
[20210522 08:08:23 INFO root] ServerTick 111022 = 209 [0] [209] [0] [0] (2)
[20210522 08:08:24 INFO root] ServerTick 111577 = 213 [0] [213] [0] [0] (2)
[20210522 08:08:25 INFO root] ServerTick 112105 = 236 [0] [236] [0] [0] (2)
[20210522 08:08:26 INFO root] ServerTick 112615 = 229 [0] [229] [0] [0] (2)
[20210522 08:08:27 INFO root] ServerTick 113154 = 68 [0] [31] [0] [37]
[20210522 08:08:27 INFO root] ServerTick 113155 = 233 [0] [233] [0] [0] (2)
[20210522 08:08:28 INFO root] ServerTick 113668 = 219 [0] [219] [0] [0] (2)
[20210522 08:08:30 INFO root] ServerTick 114259 = 214 [0] [214] [0] [0] (2)
[20210522 08:08:31 INFO root] ServerTick 114829 = 231 [0] [231] [0] [0] (2)
[20210522 08:08:32 INFO root] ServerTick 115378 = 204 [0] [204] [0] [0] (2)
[20210522 08:08:33 INFO root] ServerTick 115924 = 214 [0] [214] [0] [0] (2)
[20210522 08:08:34 INFO root] ServerTick 116455 = 213 [0] [213] [0] [0] (2)
[20210522 08:08:34 INFO root] STAT:user=1 ectype=0,0,0,0 stall=0 dun=0 obj=15047 timerobj=24
[20210522 08:08:34 INFO root] STAT2:grid[total=222300,valid=9226,notify=6,active=9180], creature[notify=11, active=15034]
[20210522 08:08:35 INFO root] ServerTick 116995 = 226 [0] [226] [0] [0] (2)
[20210522 08:08:36 INFO root] ServerTick 117508 = 227 [0] [227] [0] [0] (2)
[20210522 08:08:37 INFO root] ServerTick 118084 = 213 [0] [213] [0] [0] (2)
[20210522 08:08:38 INFO root] ServerTick 118669 = 209 [0] [209] [0] [0] (2)
[20210522 08:08:39 INFO root] ServerTick 119179 = 206 [0] [206] [0] [0] (2)
[20210522 08:08:40 INFO root] ServerTick 119710 = 237 [0] [237] [0] [0] (2)
[20210522 08:08:41 INFO root] ServerTick 120301 = 191 [0] [191] [0] [0] (2)
[20210522 08:08:42 INFO root] ServerTick 120820 = 245 [0] [245] [0] [0] (2)
[20210522 08:08:43 ERRO root] [SCreateItem::LoadFromString] Invalid token(ignored)!(token= i)
[20210522 08:08:43 ERRO root] [CItemOperator_Svr::UseItem] AnalyseCreateString Error(code=v=1;s=5|i=557;b=2;smL=7;c=2;upL=80|i=567;b=2;smL=7;c=2;upL=80|i=9587;b=2|i=9588;b=2| i=9249;b=2)!
[20210522 08:08:44 INFO root] ServerTick 121363 = 253 [0] [253] [0] [0] (2)
[20210522 08:08:45 INFO root] ServerTick 121957 = 189 [0] [189] [0] [0] (2)
[20210522 08:08:45 ERRO root] [SCreateItem::LoadFromString] Invalid token(ignored)!(token= i)
[20210522 08:08:45 ERRO root] [CItemOperator_Svr::UseItem] AnalyseCreateString Error(code=v=1;s=5|i=557;b=2;smL=7;c=2;upL=80|i=567;b=2;smL=7;c=2;upL=80|i=9587;b=2|i=9588;b=2| i=9249;b=2)!
[20210522 08:08:46 INFO root] ServerTick 122509 = 226 [0] [226] [0] [0] (2)
[20210522 08:08:47 INFO root] ServerTick 123079 = 205 [0] [205] [0] [0] (2)
[20210522 08:08:48 INFO root] ServerTick 123598 = 218 [0] [218] [0] [0] (2)
[20210522 08:08:49 INFO root] ServerTick 124126 = 192 [0] [192] [0] [0] (2)
[20210522 08:08:50 INFO root] ServerTick 124708 = 222 [0] [221] [0] [1] (2)
[20210522 08:08:51 INFO root] ServerTick 125299 = 221 [0] [221] [0] [0] (2)
[20210522 08:08:52 INFO root] ServerTick 125851 = 222 [0] [222] [0] [0] (2)
[20210522 08:08:53 INFO root] ServerTick 126460 = 197 [0] [197] [0] [0] (2)
[20210522 08:08:54 INFO root] ServerTick 127039 = 207 [0] [207] [0] [0] (2)
[20210522 08:08:55 INFO root] ServerTick 127570 = 232 [0] [232] [0] [0] (2)
[20210522 08:08:56 INFO root] ServerTick 128167 = 201 [0] [201] [0] [0] (2)
[20210522 08:08:58 INFO root] ServerTick 128740 = 216 [0] [216] [0] [0] (2)
[20210522 08:08:59 INFO root] ServerTick 129289 = 207 [0] [207] [0] [0] (2)
[20210522 08:09:00 INFO root] ServerTick 129808 = 201 [0] [201] [0] [0] (2)
[20210522 08:09:01 INFO root] ServerTick 130402 = 223 [1] [222] [0] [0] (2)
[20210522 08:09:02 INFO root] ServerTick 130774 = 326 [0] [326] [0] [0] (2)
[20210522 08:09:03 INFO root] ServerTick 130954 = 453 [1] [452] [0] [0] (2)
[20210522 08:09:03 INFO root] ServerTick 130956 = 78 [0] [39] [0] [0]
[20210522 08:09:04 INFO root] ServerTick 131287 = 218 [0] [218] [0] [0] (2)
[20210522 08:09:05 INFO root] ServerTick 131866 = 206 [0] [206] [0] [0] (2)
[20210522 08:09:06 INFO root] ServerTick 132460 = 226 [0] [226] [0] [0] (2)
[20210522 08:09:07 INFO root] ServerTick 133051 = 213 [0] [213] [0] [0] (2)
[20210522 08:09:08 INFO root] ServerTick 133600 = 236 [0] [236] [0] [0] (2)
[20210522 08:09:10 INFO root] ServerTick 134158 = 270 [0] [270] [0] [0] (2)
[20210522 08:09:11 INFO root] ServerTick 134692 = 245 [0] [245] [0] [0] (2)
[20210522 08:09:12 INFO root] ServerTick 135211 = 340 [0] [340] [0] [0] (2)
[20210522 08:09:13 INFO root] ServerTick 135757 = 214 [0] [214] [0] [0] (2)
[20210522 08:09:14 INFO root] ServerTick 136324 = 218 [0] [218] [0] [0] (2)
[20210522 08:09:15 INFO root] ServerTick 136882 = 214 [0] [214] [0] [0] (2)
[20210522 08:09:16 INFO root] ServerTick 137437 = 218 [0] [218] [0] [0] (2)
[20210522 08:09:17 INFO root] ServerTick 137980 = 225 [0] [225] [0] [0] (2)
[20210522 08:09:18 INFO root] ServerTick 138553 = 213 [0] [213] [0] [0] (2)
[20210522 08:09:19 INFO root] ServerTick 139060 = 221 [0] [221] [0] [0] (2)
[20210522 08:09:20 INFO root] ServerTick 139627 = 205 [0] [205] [0] [0] (2)
[20210522 08:09:21 INFO root] ServerTick 140188 = 216 [0] [216] [0] [0] (2)
[20210522 08:09:23 INFO root] ServerTick 140710 = 234 [0] [234] [0] [0] (2)
[20210522 08:09:24 INFO root] ServerTick 141241 = 239 [0] [239] [0] [0] (2)
[20210522 08:09:25 INFO root] ServerTick 141787 = 210 [0] [210] [0] [0] (2)
[20210522 08:09:26 INFO root] ServerTick 142285 = 222 [0] [222] [0] [0] (2)
[20210522 08:09:27 INFO root] ServerTick 142801 = 201 [0] [201] [0] [0] (2)
[20210522 08:09:28 INFO root] ServerTick 143362 = 213 [0] [213] [0] [0] (2)
[20210522 08:09:29 INFO root] ServerTick 143911 = 230 [0] [230] [0] [0] (2)
[20210522 08:09:30 INFO root] ServerTick 144493 = 205 [0] [205] [0] [0] (2)
[20210522 08:09:31 INFO root] ServerTick 145108 = 217 [0] [217] [0] [0] (2)
[20210522 08:09:32 INFO root] ServerTick 145654 = 197 [0] [196] [1] [0] (2)
[20210522 08:09:33 INFO root] ServerTick 146200 = 205 [0] [205] [0] [0] (2)
[20210522 08:09:34 INFO root] ServerTick 146710 = 240 [0] [240] [0] [0] (2)
[20210522 08:09:35 INFO root] STAT:user=1 ectype=0,0,0,0 stall=0 dun=0 obj=15051 timerobj=24
[20210522 08:09:35 INFO root] STAT2:grid[total=222300,valid=9251,notify=6,active=9221], creature[notify=11, active=15038]
[20210522 08:09:35 INFO root] ServerTick 147250 = 233 [0] [233] [0] [0] (2)
[20210522 08:09:37 INFO root] ServerTick 147748 = 218 [0] [218] [0] [0] (2)
[20210522 08:09:38 INFO root] ServerTick 148246 = 235 [0] [235] [0] [0] (2)
[20210522 08:09:39 INFO root] ServerTick 148786 = 214 [0] [214] [0] [0] (2)
[20210522 08:09:40 INFO root] ServerTick 149353 = 214 [0] [214] [0] [0] (2)
[20210522 08:09:41 INFO root] ServerTick 149923 = 222 [0] [222] [0] [0] (2)
[20210522 08:09:42 INFO root] ServerTick 150475 = 222 [0] [222] [0] [0] (2)
[20210522 08:09:43 INFO root] ServerTick 150982 = 230 [0] [230] [0] [0] (2)
[20210522 08:09:44 INFO root] ServerTick 151471 = 218 [0] [218] [0] [0] (2)
[20210522 08:09:45 INFO root] ServerTick 151963 = 205 [0] [205] [0] [0] (2)
[20210522 08:09:46 INFO root] ServerTick 152461 = 211 [0] [211] [0] [0] (2)
[20210522 08:09:47 INFO root] ServerTick 153055 = 197 [0] [197] [0] [0] (2)
[20210522 08:09:48 INFO root] ServerTick 153631 = 221 [0] [221] [0] [0] (2)
[20210522 08:09:49 INFO root] ServerTick 154135 = 208 [0] [208] [0] [0] (2)
[20210522 08:09:50 INFO root] ServerTick 154660 = 196 [0] [195] [0] [1] (2)
[20210522 08:09:52 INFO root] ServerTick 155254 = 213 [0] [213] [0] [0] (2)
[20210522 08:09:53 INFO root] ServerTick 155827 = 215 [0] [215] [0] [0] (2)
[20210522 08:09:54 INFO root] ServerTick 156391 = 219 [0] [219] [0] [0] (2)
[20210522 08:09:55 INFO root] ServerTick 156946 = 222 [0] [222] [0] [0] (2)
[20210522 08:09:56 INFO root] ServerTick 157537 = 196 [0] [196] [0] [0] (2)
[20210522 08:09:56 INFO root] ServerTick 157815 = 81 [0] [80] [0] [1]
[20210522 08:09:57 INFO root] ServerTick 158074 = 217 [0] [217] [0] [0] (2)
[20210522 08:09:58 INFO root] ServerTick 158611 = 197 [0] [197] [0] [0] (2)
[20210522 08:09:59 INFO root] ServerTick 159151 = 225 [0] [225] [0] [0] (2)
[20210522 08:10:00 INFO root] ServerTick 159739 = 218 [0] [218] [0] [0] (2)
[20210522 08:10:01 INFO root] ServerTick 160309 = 239 [0] [239] [0] [0] (2)
[20210522 08:10:02 INFO root] ServerTick 160912 = 233 [0] [233] [0] [0] (2)
[20210522 08:10:03 INFO root] ServerTick 161518 = 236 [0] [236] [0] [0] (2)
[20210522 08:10:05 INFO root] ServerTick 162112 = 223 [1] [222] [0] [0] (2)
[20210522 08:10:06 INFO root] ServerTick 162697 = 215 [0] [215] [0] [0] (2)
[20210522 08:10:07 INFO root] ServerTick 163270 = 240 [0] [240] [0] [0] (2)
[20210522 08:10:19 ERRO root] [SCreateItem::LoadFromString] Invalid token(ignored)!(token= i)
[20210522 08:10:19 ERRO root] [CItemOperator_Svr::UseItem] AnalyseCreateString Error(code=v=1;s=5|i=557;b=2;smL=7;c=2;upL=80|i=567;b=2;smL=7;c=2;upL=80|i=9587;b=2|i=9588;b=2| i=9249;b=2)!
[20210522 08:10:34 INFO root] STAT:user=1 ectype=0,0,0,0 stall=0 dun=0 obj=15053 timerobj=24
[20210522 08:10:34 INFO root] STAT2:grid[total=222300,valid=9204,notify=6,active=9176], creature[notify=11, active=15040]
[20210522 08:10:35 ERRO root] [SCreateItem::LoadFromString] Invalid token(ignored)!(token= i)
[20210522 08:10:35 ERRO root] [CItemOperator_Svr::UseItem] AnalyseCreateString Error(code=v=1;s=5|i=557;b=2;smL=7;c=2;upL=80|i=567;b=2;smL=7;c=2;upL=80|i=9587;b=2|i=9588;b=2| i=9249;b=2)!
[20210522 08:10:40 ERRO root] [SCreateItem::LoadFromString] Invalid token(ignored)!(token= i)
[20210522 08:10:40 ERRO root] [CItemOperator_Svr::UseItem] AnalyseCreateString Error(code=v=1;s=5|i=557;b=2;smL=7;c=2;upL=80|i=567;b=2;smL=7;c=2;upL=80|i=9587;b=2|i=9588;b=2| i=9249;b=2)!
[20210522 08:10:41 ERRO root] [SCreateItem::LoadFromString] Invalid token(ignored)!(token= i)
[20210522 08:10:41 ERRO root] [CItemOperator_Svr::UseItem] AnalyseCreateString Error(code=v=1;s=5|i=557;b=2;smL=7;c=2;upL=80|i=567;b=2;smL=7;c=2;upL=80|i=9587;b=2|i=9588;b=2| i=9249;b=2)!
[20210522 08:10:42 ERRO root] [SCreateItem::LoadFromString] Invalid token(ignored)!(token= i)
[20210522 08:10:42 ERRO root] [CItemOperator_Svr::UseItem] AnalyseCreateString Error(code=v=1;s=5|i=557;b=2;smL=7;c=2;upL=80|i=567;b=2;smL=7;c=2;upL=80|i=9587;b=2|i=9588;b=2| i=9249;b=2)!
[20210522 08:11:26 ERRO root] [SCreateItem::LoadFromString] Invalid token(ignored)!(token= i)
[20210522 08:11:26 ERRO root] [CItemOperator_Svr::UseItem] AnalyseCreateString Error(code=v=1;s=5|i=557;b=2;smL=7;c=2;upL=80|i=567;b=2;smL=7;c=2;upL=80|i=9587;b=2|i=9588;b=2| i=9249;b=2)!
[20210522 08:11:29 INFO root] ServerTick 230551 = 251 [0] [251] [0] [0] (2)
[20210522 08:11:30 INFO root] ServerTick 231046 = 222 [0] [222] [0] [0] (2)
[20210522 08:11:31 INFO root] ServerTick 231613 = 227 [0] [227] [0] [0] (2)
[20210522 08:11:32 INFO root] ServerTick 232111 = 202 [0] [202] [0] [0] (2)
[20210522 08:11:33 INFO root] ServerTick 232639 = 210 [0] [210] [0] [0] (2)
[20210522 08:11:34 INFO root] ServerTick 233164 = 238 [0] [238] [0] [0] (2)
[20210522 08:11:35 INFO root] STAT:user=1 ectype=0,0,0,0 stall=0 dun=0 obj=15054 timerobj=24
[20210522 08:11:35 INFO root] STAT2:grid[total=222300,valid=9205,notify=7,active=9167], creature[notify=11, active=15041]
[20210522 08:11:35 INFO root] ServerTick 233668 = 226 [0] [226] [0] [0] (2)
[20210522 08:11:36 INFO root] ServerTick 234190 = 205 [0] [205] [0] [0] (2)
[20210522 08:11:37 INFO root] ServerTick 234730 = 234 [0] [234] [0] [0] (2)
[20210522 08:11:39 INFO root] ServerTick 235297 = 270 [0] [270] [0] [0] (2)
[20210522 08:11:40 INFO root] ServerTick 235888 = 235 [0] [235] [0] [0] (2)
[20210522 08:11:41 INFO root] ServerTick 236464 = 237 [0] [237] [0] [0] (2)
[20210522 08:11:42 INFO root] ServerTick 237040 = 223 [0] [223] [0] [0] (2)
[20210522 08:11:43 INFO root] ServerTick 237553 = 205 [0] [205] [0] [0] (2)
[20210522 08:11:44 INFO root] ServerTick 238114 = 235 [0] [235] [0] [0] (2)
[20210522 08:11:45 INFO root] ServerTick 238717 = 205 [0] [205] [0] [0] (2)
[20210522 08:11:46 INFO root] ServerTick 239320 = 214 [0] [214] [0] [0] (2)
[20210522 08:11:47 INFO root] ServerTick 239908 = 239 [0] [239] [0] [0] (2)
[20210522 08:11:48 INFO root] ServerTick 240469 = 226 [0] [226] [0] [0] (2)
[20210522 08:11:49 INFO root] ServerTick 241021 = 230 [0] [230] [0] [0] (2)
[20210522 08:11:50 INFO root] ServerTick 241621 = 212 [0] [212] [0] [0] (2)
[20210522 08:11:51 INFO root] ServerTick 242200 = 212 [0] [212] [0] [0] (2)
[20210522 08:11:53 INFO root] ServerTick 242704 = 226 [0] [226] [0] [0] (2)
[20210522 08:11:54 INFO root] ServerTick 243235 = 211 [0] [211] [0] [0] (2)
[20210522 08:11:55 INFO root] ServerTick 243733 = 207 [0] [207] [0] [0] (2)
[20210522 08:11:56 INFO root] ServerTick 244252 = 223 [0] [223] [0] [0] (2)
[20210522 08:11:57 INFO root] ServerTick 244717 = 226 [0] [226] [0] [0] (2)
[20210522 08:11:58 INFO root] ServerTick 245218 = 214 [0] [214] [0] [0] (2)
[20210522 08:11:59 INFO root] ServerTick 245734 = 230 [0] [230] [0] [0] (2)
[20210522 08:12:00 INFO root] ServerTick 246298 = 218 [0] [218] [0] [0] (2)
[20210522 08:12:01 INFO root] ServerTick 246868 = 201 [0] [201] [0] [0] (2)
[20210522 08:12:02 INFO root] ServerTick 247462 = 222 [0] [222] [0] [0] (2)
[20210522 08:12:03 INFO root] ServerTick 248053 = 217 [0] [217] [0] [0] (2)
[20210522 08:12:04 INFO root] ServerTick 248623 = 229 [0] [229] [0] [0] (2)
[20210522 08:12:05 INFO root] ServerTick 249202 = 200 [0] [200] [0] [0] (2)
[20210522 08:12:07 INFO root] ServerTick 249802 = 217 [0] [217] [0] [0] (2)
[20210522 08:12:08 INFO root] ServerTick 250375 = 198 [0] [198] [0] [0] (2)
[20210522 08:12:09 INFO root] ServerTick 250909 = 214 [0] [214] [0] [0] (2)
[20210522 08:12:10 INFO root] ServerTick 251449 = 230 [0] [230] [0] [0] (2)
[20210522 08:12:11 INFO root] ServerTick 252007 = 202 [0] [202] [0] [0] (2)
[20210522 08:12:12 INFO root] ServerTick 252595 = 240 [0] [240] [0] [0] (2)
[20210522 08:12:13 INFO root] ServerTick 253153 = 226 [0] [226] [0] [0] (2)
[20210522 08:12:14 INFO root] ServerTick 253654 = 197 [0] [197] [0] [0] (2)
[20210522 08:12:15 INFO root] ServerTick 254110 = 206 [0] [206] [0] [0] (2)
[20210522 08:12:16 INFO root] ServerTick 254635 = 218 [0] [218] [0] [0] (2)
[20210522 08:12:17 INFO root] ServerTick 255133 = 197 [0] [197] [0] [0] (2)
[20210522 08:12:18 INFO root] ServerTick 255745 = 252 [0] [252] [0] [0] (2)
[20210522 08:12:20 INFO root] ServerTick 256333 = 234 [0] [234] [0] [0] (2)
[20210522 08:12:21 INFO root] ServerTick 256924 = 202 [0] [202] [0] [0] (2)
[20210522 08:12:22 INFO root] ServerTick 257482 = 227 [0] [227] [0] [0] (2)
[20210522 08:12:23 INFO root] ServerTick 257986 = 219 [0] [219] [0] [0] (2)
[20210522 08:12:24 INFO root] ServerTick 258535 = 253 [0] [253] [0] [0] (2)
[20210522 08:12:25 INFO root] ServerTick 259048 = 227 [0] [227] [0] [0] (2)
[20210522 08:12:26 INFO root] ServerTick 259471 = 223 [1] [222] [0] [0] (2)
[20210522 08:12:27 INFO root] ServerTick 259954 = 223 [0] [223] [0] [0] (2)
[20210522 08:12:28 INFO root] ServerTick 260485 = 235 [0] [235] [0] [0] (2)
[20210522 08:12:29 INFO root] ServerTick 261037 = 210 [0] [210] [0] [0] (2)
[20210522 08:12:30 INFO root] ServerTick 261634 = 239 [0] [238] [0] [1] (2)
[20210522 08:12:31 INFO root] ServerTick 262210 = 218 [0] [218] [0] [0] (2)
[20210522 08:12:33 INFO root] ServerTick 262735 = 197 [0] [197] [0] [0] (2)
[20210522 08:12:34 INFO root] ServerTick 263320 = 235 [1] [234] [0] [0] (2)
[20210522 08:12:34 INFO root] STAT:user=1 ectype=0,0,0,0 stall=0 dun=0 obj=15053 timerobj=24
[20210522 08:12:34 INFO root] STAT2:grid[total=222300,valid=9203,notify=7,active=9152], creature[notify=11, active=15040]
[20210522 08:12:35 INFO root] ServerTick 263845 = 227 [0] [227] [0] [0] (2)
[20210522 08:12:36 INFO root] ServerTick 264394 = 205 [0] [205] [0] [0] (2)
[20210522 08:12:37 INFO root] ServerTick 264919 = 222 [0] [222] [0] [0] (2)
[20210522 08:12:38 INFO root] ServerTick 265405 = 202 [0] [202] [0] [0] (2)
[20210522 08:12:39 INFO root] ServerTick 265954 = 206 [0] [206] [0] [0] (2)
[20210522 08:12:40 INFO root] ServerTick 266536 = 226 [0] [226] [0] [0] (2)
[20210522 08:12:41 INFO root] ServerTick 267028 = 206 [0] [206] [0] [0] (2)
[20210522 08:12:42 INFO root] ServerTick 267634 = 201 [0] [201] [0] [0] (2)
[20210522 08:12:43 INFO root] ServerTick 268186 = 210 [0] [210] [0] [0] (2)
[20210522 08:12:45 INFO root] ServerTick 268690 = 239 [0] [239] [0] [0] (2)
[20210522 08:12:46 INFO root] ServerTick 269272 = 227 [0] [227] [0] [0] (2)
[20210522 08:12:47 INFO root] ServerTick 269842 = 203 [1] [202] [0] [0] (2)
[20210522 08:12:48 INFO root] ServerTick 270436 = 226 [0] [226] [0] [0] (2)
[20210522 08:12:49 INFO root] ServerTick 271006 = 211 [0] [211] [0] [0] (2)
[20210522 08:12:50 INFO root] ServerTick 271600 = 235 [0] [235] [0] [0] (2)
[20210522 08:12:51 INFO root] ServerTick 272182 = 235 [0] [235] [0] [0] (2)
[20210522 08:12:52 INFO root] ServerTick 272776 = 226 [0] [226] [0] [0] (2)
[20210522 08:12:53 INFO root] ServerTick 273370 = 202 [0] [202] [0] [0] (2)
[20210522 08:12:54 INFO root] ServerTick 273949 = 234 [0] [234] [0] [0] (2)
[20210522 08:12:55 INFO root] ServerTick 274549 = 206 [0] [206] [0] [0] (2)
[20210522 08:12:56 INFO root] ServerTick 275137 = 234 [0] [234] [0] [0] (2)
[20210522 08:12:57 INFO root] ServerTick 275716 = 206 [0] [206] [0] [0] (2)
[20210522 08:12:59 INFO root] ServerTick 276313 = 243 [0] [243] [0] [0] (2)
[20210522 08:13:00 INFO root] ServerTick 276841 = 229 [0] [229] [0] [0] (2)
[20210522 08:13:01 INFO root] ServerTick 277411 = 235 [0] [235] [0] [0] (2)
[20210522 08:13:02 INFO root] ServerTick 278011 = 226 [0] [226] [0] [0] (2)
[20210522 08:13:03 INFO root] ServerTick 278614 = 231 [0] [231] [0] [0] (2)
[20210522 08:13:04 INFO root] ServerTick 279181 = 219 [0] [218] [0] [1] (2)
[20210522 08:13:05 INFO root] ServerTick 279763 = 218 [0] [218] [0] [0] (2)
[20210522 08:13:06 INFO root] ServerTick 280357 = 222 [0] [222] [0] [0] (2)
[20210522 08:13:07 INFO root] ServerTick 280924 = 205 [0] [205] [0] [0] (2)
[20210522 08:13:08 INFO root] ServerTick 281461 = 201 [0] [201] [0] [0] (2)
[20210522 08:13:09 INFO root] ServerTick 281989 = 209 [0] [209] [0] [0] (2)
[20210522 08:13:10 INFO root] ServerTick 282580 = 234 [0] [234] [0] [0] (2)
[20210522 08:13:12 INFO root] ServerTick 283141 = 206 [0] [206] [0] [0] (2)
[20210522 08:13:13 INFO root] ServerTick 283669 = 207 [0] [207] [0] [0] (2)
[20210522 08:13:14 INFO root] ServerTick 284212 = 219 [0] [219] [0] [0] (2)
[20210522 08:13:15 INFO root] ServerTick 284737 = 214 [0] [214] [0] [0] (2)
[20210522 08:13:16 INFO root] ServerTick 285325 = 197 [0] [197] [0] [0] (2)
[20210522 08:13:17 INFO root] ServerTick 285838 = 235 [0] [234] [0] [1] (2)
[20210522 08:13:18 INFO root] ServerTick 286438 = 226 [0] [226] [0] [0] (2)
[20210522 08:13:19 INFO root] ServerTick 287005 = 209 [0] [209] [0] [0] (2)
[20210522 08:13:20 INFO root] ServerTick 287596 = 218 [0] [218] [0] [0] (2)
[20210522 08:13:21 INFO root] ServerTick 288196 = 243 [0] [243] [0] [0] (2)
[20210522 08:13:22 INFO root] ServerTick 288766 = 213 [0] [213] [0] [0] (2)
[20210522 08:13:23 INFO root] ServerTick 289339 = 224 [0] [224] [0] [0] (2)
[20210522 08:13:25 INFO root] ServerTick 289924 = 227 [0] [227] [0] [0] (2)
[20210522 08:13:26 INFO root] ServerTick 290506 = 215 [1] [214] [0] [0] (2)
[20210522 08:13:27 INFO root] ServerTick 291091 = 227 [0] [227] [0] [0] (2)
[20210522 08:13:28 INFO root] ServerTick 291604 = 214 [0] [214] [0] [0] (2)
[20210522 08:13:29 INFO root] ServerTick 292186 = 206 [0] [206] [0] [0] (2)
[20210522 08:13:30 INFO root] ServerTick 292768 = 235 [0] [235] [0] [0] (2)
[20210522 08:13:31 INFO root] ServerTick 293368 = 234 [0] [234] [0] [0] (2)
[20210522 08:13:32 INFO root] ServerTick 293947 = 236 [0] [236] [0] [0] (2)
[20210522 08:13:32 ALERT root] Game server shutdown by [System]. (0s)
[20210522 08:13:32 INFO root] ToQuit 50s
[20210522 08:13:33 INFO root] ServerTick 294508 = 218 [0] [218] [0] [0] (2)
[20210522 08:13:34 INFO root] ServerTick 295012 = 226 [0] [226] [0] [0] (2)
[20210522 08:13:34 INFO root] STAT:user=0 ectype=0,0,0,0 stall=0 dun=0 obj=15053 timerobj=22
[20210522 08:13:34 INFO root] STAT2:grid[total=222300,valid=9245,notify=0,active=9219], creature[notify=0, active=15052]
[20210522 08:13:35 INFO root] ServerTick 295561 = 205 [0] [205] [0] [0] (2)
[20210522 08:13:36 INFO root] ServerTick 296104 = 218 [0] [217] [0] [1] (2)
[20210522 08:13:37 INFO root] ServerTick 296635 = 206 [0] [206] [0] [0] (2)
[20210522 08:13:39 INFO root] ServerTick 297226 = 198 [0] [198] [0] [0] (2)
[20210522 08:13:40 INFO root] ServerTick 297802 = 235 [0] [198] [0] [37] (2)
[20210522 08:13:41 INFO root] ServerTick 298405 = 214 [0] [214] [0] [0] (2)
[20210522 08:13:42 INFO root] ServerTick 298936 = 200 [0] [200] [0] [0] (2)
[20210522 08:13:42 INFO root] ToQuit 40s
[20210522 08:13:43 INFO root] ServerTick 299485 = 225 [0] [225] [0] [0] (2)
[20210522 08:13:44 INFO root] ServerTick 300061 = 225 [0] [225] [0] [0] (2)
[20210522 08:13:45 INFO root] ServerTick 300622 = 206 [0] [206] [0] [0] (2)
[20210522 08:13:46 INFO root] ServerTick 301159 = 210 [0] [210] [0] [0] (2)
[20210522 08:13:47 INFO root] ServerTick 301684 = 234 [0] [234] [0] [0] (2)
[20210522 08:13:48 INFO root] ServerTick 302278 = 226 [0] [226] [0] [0] (2)
[20210522 08:13:49 INFO root] ServerTick 302836 = 225 [0] [225] [0] [0] (2)
[20210522 08:13:50 INFO root] ServerTick 303403 = 205 [0] [205] [0] [0] (2)
[20210522 08:13:52 INFO root] ServerTick 303997 = 235 [0] [235] [0] [0] (2)
[20210522 08:13:52 INFO root] ToQuit 30s
[20210522 08:13:53 INFO root] ServerTick 304546 = 198 [0] [198] [0] [0] (2)
[20210522 08:13:54 INFO root] ServerTick 305080 = 227 [0] [227] [0] [0] (2)
[20210522 08:13:55 INFO root] ServerTick 305635 = 197 [0] [197] [0] [0] (2)
[20210522 08:13:56 INFO root] ServerTick 306169 = 218 [0] [218] [0] [0] (2)
[20210522 08:13:57 INFO root] ServerTick 306673 = 235 [0] [235] [0] [0] (2)
[20210522 08:13:58 INFO root] ServerTick 307207 = 217 [0] [217] [0] [0] (2)
[20210522 08:13:59 INFO root] ServerTick 307714 = 214 [0] [214] [0] [0] (2)
[20210522 08:14:00 INFO root] ServerTick 308266 = 217 [0] [217] [0] [0] (2)
[20210522 08:14:01 INFO root] ServerTick 308866 = 214 [0] [214] [0] [0] (2)
[20210522 08:14:02 INFO root] ToQuit 20s
[20210522 08:14:02 INFO root] ServerTick 309466 = 238 [0] [238] [0] [0] (2)
[20210522 08:14:03 INFO root] ServerTick 310081 = 241 [0] [241] [0] [0] (2)
[20210522 08:14:05 INFO root] ServerTick 310678 = 235 [0] [235] [0] [0] (2)
[20210522 08:14:06 INFO root] ServerTick 311260 = 231 [0] [231] [0] [0] (2)
[20210522 08:14:07 INFO root] ServerTick 311857 = 240 [0] [240] [0] [0] (2)
[20210522 08:14:08 INFO root] ServerTick 312442 = 238 [0] [238] [0] [0] (2)
[20210522 08:14:09 INFO root] ServerTick 313006 = 226 [0] [226] [0] [0] (2)
[20210522 08:14:10 INFO root] ServerTick 313594 = 244 [0] [244] [0] [0] (2)
[20210522 08:14:11 INFO root] ServerTick 314125 = 218 [0] [218] [0] [0] (2)
[20210522 08:14:12 INFO root] ServerTick 314662 = 218 [0] [218] [0] [0] (2)
[20210522 08:14:12 INFO root] ToQuit 10s
[20210522 08:14:13 INFO root] ServerTick 315232 = 235 [0] [235] [0] [0] (2)
[20210522 08:14:14 INFO root] ServerTick 315796 = 231 [0] [231] [0] [0] (2)
[20210522 08:14:15 INFO root] ServerTick 316390 = 206 [0] [206] [0] [0] (2)
[20210522 08:14:16 INFO root] ServerTick 316993 = 205 [0] [205] [0] [0] (2)
[20210522 08:14:17 INFO root] ServerTick 317506 = 222 [0] [222] [0] [0] (2)
[20210522 08:14:19 INFO root] ServerTick 318106 = 254 [0] [254] [0] [0] (2)
[20210522 08:14:20 INFO root] ServerTick 318646 = 228 [0] [228] [0] [0] (2)
[20210522 08:14:21 INFO root] ServerTick 319180 = 219 [0] [219] [0] [0] (2)
[20210522 08:14:22 INFO root] ServerTick 319705 = 201 [0] [201] [0] [0] (2)
[20210522 08:14:23 INFO root] ServerTick 320269 = 235 [0] [235] [0] [0] (2)
[20210522 08:14:24 INFO root] ServerTick 320791 = 227 [0] [227] [0] [0] (2)
[20210522 08:14:25 INFO root] ServerTick 321370 = 205 [0] [205] [0] [0] (2)
[20210522 08:14:26 INFO root] ServerTick 321946 = 205 [0] [205] [0] [0] (2)
[20210522 08:14:27 INFO root] ServerTick 322519 = 222 [0] [222] [0] [0] (2)
[20210522 08:14:28 INFO root] ServerTick 323074 = 234 [0] [234] [0] [0] (2)
[20210522 08:14:29 INFO root] ServerTick 323572 = 198 [0] [198] [0] [0] (2)
[20210522 08:14:30 INFO root] ServerTick 324121 = 221 [1] [220] [0] [0] (2)
[20210522 08:14:31 INFO root] ServerTick 324646 = 214 [0] [214] [0] [0] (2)
[20210522 08:14:32 INFO root] Quiting ...
[20210522 08:14:32 INFO root]   Saving user data, Don`t shutdown game server app
[20210522 08:14:32 INFO root]   Last 2 Second ...
[20210522 08:14:33 INFO root] ServerTick 326017 = 243 [0] [243] [0] [0] (2)
[20210522 08:14:34 INFO root] ServerTick 327796 = 209 [0] [209] [0] [0] (2)
[20210522 08:14:34 INFO root]   Quit ok
[20210522 08:14:34 INFO root] server exit(2)
[20210522 08:14:34 INFO root] AI Manger ÍËłö, 15052¸öAI¶ÔĎó±»´Ý»Ů
[20210522 08:14:34 INFO root] Disconnect from the db server.
[20210522 08:14:37 INFO root] object leak 0
[20210522 08:14:37 INFO root] Disconnect from the db server.
[20210522 08:14:37 INFO root] Disconnect from the db server.
[20210522 08:14:37 INFO root] Disconnect from the db server.
[20210522 08:14:37 ERRO root] Disconnect from the login server. (shutdown)
[20210522 08:14:37 INFO root] ActorOperate total num = 50, free = 50
[20210522 08:14:37 INFO root] The free npc node list size is 40000, used buffer count is 2.
[20210522 08:14:37 INFO root] The free user node list size is 2000, used buffer count is 1.
[20210522 08:14:38 INFO root] Base exit.
[20210522 08:14:38 INFO root] script engine shutdown Ok
[20210522 08:14:38 INFO root] net device exit ok
